
=== Wed Mar 31 14:01:31 2021

Packages were changed.
Update Mode: mergeDefaultDependencies

The following packages were added:
  com.unity.collab-proxy@1.3.9
  com.unity.ide.visualstudio@2.0.2
  com.unity.modules.ai@1.0.0
  com.unity.modules.cloth@1.0.0
  com.unity.modules.director@1.0.0
  com.unity.modules.physics@1.0.0
  com.unity.modules.terrain@1.0.0
  com.unity.modules.terrainphysics@1.0.0
  com.unity.modules.umbra@1.0.0
  com.unity.modules.vehicles@1.0.0
  com.unity.modules.vr@1.0.0
  com.unity.modules.wind@1.0.0
  com.unity.modules.xr@1.0.0
  com.unity.timeline@1.3.6
The following packages were updated:
  com.unity.2d.animation from version 3.2.6 to 4.2.6
  com.unity.2d.pixel-perfect from version 2.0.4 to 3.0.2
  com.unity.2d.psdimporter from version 2.1.6 to 3.1.6
  com.unity.2d.spriteshape from version 3.0.14 to 4.1.4
  com.unity.ide.rider from version 1.1.4 to 1.2.1
  com.unity.textmeshpro from version 2.1.3 to 3.0.1

=== Wed Mar 31 14:04:46 2021

Packages were changed.
Update Mode: updateDependencies

The following packages were updated:
  com.unity.2d.animation from version 4.2.6 to 5.0.4
  com.unity.2d.pixel-perfect from version 3.0.2 to 4.0.1
  com.unity.2d.psdimporter from version 3.1.6 to 4.0.2
  com.unity.2d.spriteshape from version 4.1.4 to 5.1.1
  com.unity.ide.rider from version 1.2.1 to 2.0.7
  com.unity.ide.visualstudio from version 2.0.2 to 2.0.7
  com.unity.mobile.android-logcat from version 1.2.0 to 1.2.1
  com.unity.mobile.notifications from version 1.0.3 to 1.3.2
  com.unity.test-framework from version 1.1.20 to 1.1.24
  com.unity.timeline from version 1.3.6 to 1.4.6
